2025-11-23 12:02:41 [[33MWARN[39M]: SMTP configuration is incomplete. Email notifications will be disabled.
2025-11-23 12:02:41 [33mwarn[39m: Email functionality is temporarily disabled for testing
2025-11-23 12:02:41 [32minfo[39m: Server running on port 3002
2025-11-23 12:02:41 [32minfo[39m: Environment: development
[0mGET / [36m304[0m 8.665 ms - -[0m
[0mGET /.well-known/appspecific/com.chrome.devtools.json [33m404[0m 13.716 ms - 187[0m
[0mGET /css/header.css [36m304[0m 2.922 ms - -[0m
[0mGET /components/header.html [36m304[0m 144.066 ms - -[0m
[0mGET /components/header.html [36m304[0m 8.306 ms - -[0m
[0mGET /index.html [32m200[0m 3.392 ms - 25773[0m
[0mGET / [36m304[0m 2.474 ms - -[0m
[0mGET /.well-known/appspecific/com.chrome.devtools.json [33m404[0m 5.301 ms - 187[0m
[0mGET /css/header.css [36m304[0m 6.503 ms - -[0m
[0mGET /components/header.html [36m304[0m 0.950 ms - -[0m
[0mGET /components/header.html [36m304[0m 1.845 ms - -[0m
[0mGET / [36m304[0m 1.146 ms - -[0m
[0mGET /.well-known/appspecific/com.chrome.devtools.json [33m404[0m 2.004 ms - 187[0m
[0mGET /css/global.css [36m304[0m 10.120 ms - -[0m
[0mGET /js/animations.js [36m304[0m 9.052 ms - -[0m
[0mGET /css/header.css [32m200[0m 25.632 ms - 5731[0m
[0mGET /components/header.html [32m200[0m 2.927 ms - 9805[0m
[0mGET /components/header.html [36m304[0m 3.687 ms - -[0m
[0mGET / [32m200[0m 1.217 ms - 25806[0m
[0mGET /.well-known/appspecific/com.chrome.devtools.json [33m404[0m 1.551 ms - 187[0m
[0mGET /css/header.css [36m304[0m 0.961 ms - -[0m
[0mGET /css/global.css [36m304[0m 0.633 ms - -[0m
[0mGET /js/animations.js [36m304[0m 0.491 ms - -[0m
[0mGET /components/header.html [36m304[0m 4.125 ms - -[0m
[0mGET /components/header.html [36m304[0m 0.814 ms - -[0m
[0mGET / [36m304[0m 0.696 ms - -[0m
[0mGET /.well-known/appspecific/com.chrome.devtools.json [33m404[0m 16.660 ms - 187[0m
[0mGET /css/header.css [36m304[0m 2.213 ms - -[0m
[0mGET /css/global.css [36m304[0m 8.475 ms - -[0m
[0mGET /js/animations.js [36m304[0m 9.509 ms - -[0m
[0mGET /components/header.html [36m304[0m 1.546 ms - -[0m
[0mGET /components/header.html [36m304[0m 3.631 ms - -[0m
[0mGET /contact.html [32m200[0m 1.222 ms - 16795[0m
[0mGET /.well-known/appspecific/com.chrome.devtools.json [33m404[0m 1.226 ms - 187[0m
[0mGET /css/header.css [36m304[0m 1.559 ms - -[0m
[0mGET /css/global.css [36m304[0m 1.549 ms - -[0m
[0mGET /assets/contact-hero.jpg [33m404[0m 0.838 ms - 162[0m
[0mGET /components/header.html [36m304[0m 0.951 ms - -[0m
[0mGET /contact.html [36m304[0m 0.538 ms - -[0m
[0mGET /.well-known/appspecific/com.chrome.devtools.json [33m404[0m 8.342 ms - 187[0m
[0mGET /css/header.css [36m304[0m 1.554 ms - -[0m
[0mGET /css/global.css [36m304[0m 1.611 ms - -[0m
[0mGET /assets/contact-hero.jpg [33m404[0m 3.641 ms - 162[0m
[0mGET /components/header.html [36m304[0m 1.499 ms - -[0m
[0mGET /index.html [32m200[0m 3.369 ms - 25806[0m
[0mGET /.well-known/appspecific/com.chrome.devtools.json [33m404[0m 1.005 ms - 187[0m
[0mGET /css/header.css [36m304[0m 1.754 ms - -[0m
[0mGET /css/global.css [36m304[0m 1.436 ms - -[0m
[0mGET /js/animations.js [36m304[0m 0.589 ms - -[0m
[0mGET /components/header.html [32m200[0m 1.883 ms - 9930[0m
[0mGET /components/header.html [36m304[0m 4.769 ms - -[0m
[0mGET /index.html [36m304[0m 0.649 ms - -[0m
[0mGET /.well-known/appspecific/com.chrome.devtools.json [33m404[0m 1.029 ms - 187[0m
[0mGET /css/header.css [32m200[0m 5.039 ms - 5757[0m
[0mGET /css/global.css [36m304[0m 5.697 ms - -[0m
[0mGET /js/animations.js [36m304[0m 0.687 ms - -[0m
[0mGET /components/header.html [32m200[0m 1.687 ms - 9252[0m
[0mGET /components/header.html [36m304[0m 0.737 ms - -[0m
[0mGET /index.html [36m304[0m 3.728 ms - -[0m
[0mGET /.well-known/appspecific/com.chrome.devtools.json [33m404[0m 14.542 ms - 187[0m
[0mGET /css/header.css [36m304[0m 26.699 ms - -[0m
[0mGET /css/global.css [36m304[0m 2.607 ms - -[0m
[0mGET /js/animations.js [36m304[0m 5.524 ms - -[0m
[0mGET /components/header.html [36m304[0m 4.284 ms - -[0m
[0mGET /components/header.html [36m304[0m 0.760 ms - -[0m
[0mGET /index.html [36m304[0m 0.846 ms - -[0m
[0mGET /.well-known/appspecific/com.chrome.devtools.json [33m404[0m 3.547 ms - 187[0m
[0mGET /css/header.css [36m304[0m 5.811 ms - -[0m
[0mGET /css/global.css [36m304[0m 2.908 ms - -[0m
[0mGET /js/animations.js [36m304[0m 2.674 ms - -[0m
[0mGET /components/header.html [32m200[0m 1.584 ms - 9361[0m
[0mGET /components/header.html [36m304[0m 2.357 ms - -[0m
[0mGET /index.html [36m304[0m 0.528 ms - -[0m
[0mGET /css/header.css [36m304[0m 1.459 ms - -[0m
[0mGET /css/global.css [36m304[0m 1.715 ms - -[0m
[0mGET /.well-known/appspecific/com.chrome.devtools.json [33m404[0m 0.952 ms - 187[0m
[0mGET /js/animations.js [36m304[0m 0.567 ms - -[0m
[0mGET /components/header.html [36m304[0m 0.753 ms - -[0m
[0mGET /components/header.html [36m304[0m 0.678 ms - -[0m
[0mGET /courses.html [32m200[0m 5.090 ms - 18341[0m
[0mGET /.well-known/appspecific/com.chrome.devtools.json [33m404[0m 4.137 ms - 187[0m
[0mGET /css/header.css [36m304[0m 18.906 ms - -[0m
[0mGET /css/global.css [36m304[0m 3.911 ms - -[0m
[0mGET /assets/courses-hero.jpg [33m404[0m 2.977 ms - 162[0m
[0mGET /components/header.html [36m304[0m 1.800 ms - -[0m
[0mGET /index.html [36m304[0m 0.932 ms - -[0m
[0mGET /.well-known/appspecific/com.chrome.devtools.json [33m404[0m 2.997 ms - 187[0m
[0mGET /css/header.css [36m304[0m 2.769 ms - -[0m
[0mGET /css/global.css [36m304[0m 1.314 ms - -[0m
[0mGET /js/animations.js [36m304[0m 0.484 ms - -[0m
[0mGET /components/header.html [36m304[0m 1.400 ms - -[0m
[0mGET /components/header.html [36m304[0m 5.178 ms - -[0m
[0mGET /about.html [32m200[0m 7.575 ms - 18720[0m
[0mGET /.well-known/appspecific/com.chrome.devtools.json [33m404[0m 0.865 ms - 187[0m
[0mGET /css/header.css [36m304[0m 2.572 ms - -[0m
[0mGET /css/global.css [36m304[0m 3.532 ms - -[0m
[0mGET /css/trusted-by.css [36m304[0m 1.342 ms - -[0m
[0mGET /js/trusted-by.js [36m304[0m 1.064 ms - -[0m
[0mGET /assets/about-hero.jpg [33m404[0m 6.467 ms - 160[0m
[0mGET /components/header.html [36m304[0m 2.827 ms - -[0m
[0mGET /courses.html [36m304[0m 0.748 ms - -[0m
[0mGET /.well-known/appspecific/com.chrome.devtools.json [33m404[0m 2.788 ms - 187[0m
[0mGET /css/header.css [36m304[0m 3.363 ms - -[0m
[0mGET /css/global.css [36m304[0m 0.609 ms - -[0m
[0mGET /assets/courses-hero.jpg [33m404[0m 0.695 ms - 162[0m
[0mGET /components/header.html [36m304[0m 1.345 ms - -[0m
[0mGET /teachers.html [32m200[0m 5.332 ms - 21612[0m
[0mGET /.well-known/appspecific/com.chrome.devtools.json [33m404[0m 1.008 ms - 187[0m
[0mGET /css/header.css [36m304[0m 6.632 ms - -[0m
[0mGET /css/global.css [36m304[0m 0.771 ms - -[0m
[0mGET /assets/teachers-hero.jpg [33m404[0m 1.065 ms - 163[0m
[0mGET /components/header.html [36m304[0m 0.786 ms - -[0m
[0mGET /events.html [32m200[0m 1.454 ms - 17610[0m
[0mGET /.well-known/appspecific/com.chrome.devtools.json [33m404[0m 1.056 ms - 187[0m
[0mGET /css/header.css [36m304[0m 16.864 ms - -[0m
[0mGET /css/global.css [36m304[0m 7.845 ms - -[0m
[0mGET /assets/events-hero.jpg [33m404[0m 0.663 ms - 161[0m
[0mGET /components/header.html [36m304[0m 0.653 ms - -[0m
[0mGET /testimonials.html [32m200[0m 1.227 ms - 14399[0m
[0mGET /.well-known/appspecific/com.chrome.devtools.json [33m404[0m 1.811 ms - 187[0m
[0mGET /css/header.css [36m304[0m 0.605 ms - -[0m
[0mGET /css/global.css [36m304[0m 0.577 ms - -[0m
[0mGET /assets/testimonials.jpg [36m304[0m 2.603 ms - -[0m
[0mGET /components/header.html [36m304[0m 1.868 ms - -[0m
[0mGET /contact.html [36m304[0m 0.820 ms - -[0m
[0mGET /css/header.css [36m304[0m 1.046 ms - -[0m
[0mGET /css/global.css [36m304[0m 0.626 ms - -[0m
[0mGET /.well-known/appspecific/com.chrome.devtools.json [33m404[0m 0.835 ms - 187[0m
[0mGET /assets/contact-hero.jpg [33m404[0m 2.148 ms - 162[0m
[0mGET /components/header.html [36m304[0m 0.610 ms - -[0m
[0mGET /register.html [36m304[0m 0.650 ms - -[0m
[0mGET /.well-known/appspecific/com.chrome.devtools.json [33m404[0m 0.798 ms - 187[0m
[0mGET /css/header.css [36m304[0m 0.699 ms - -[0m
[0mGET /css/global.css [36m304[0m 0.661 ms - -[0m
[0mGET /components/header.html [36m304[0m 0.665 ms - -[0m
[0mGET /index.html [36m304[0m 0.727 ms - -[0m
[0mGET /.well-known/appspecific/com.chrome.devtools.json [33m404[0m 1.871 ms - 187[0m
[0mGET /css/header.css [36m304[0m 5.738 ms - -[0m
[0mGET /css/global.css [36m304[0m 3.187 ms - -[0m
[0mGET /js/animations.js [36m304[0m 2.519 ms - -[0m
[0mGET /components/header.html [36m304[0m 0.692 ms - -[0m
[0mGET /components/header.html [36m304[0m 1.368 ms - -[0m
[0mGET /about.html [36m304[0m 0.450 ms - -[0m
[0mGET /css/header.css [36m304[0m 0.727 ms - -[0m
[0mGET /css/global.css [36m304[0m 0.816 ms - -[0m
[0mGET /.well-known/appspecific/com.chrome.devtools.json [33m404[0m 1.464 ms - 187[0m
[0mGET /css/trusted-by.css [36m304[0m 0.768 ms - -[0m
[0mGET /js/trusted-by.js [36m304[0m 0.556 ms - -[0m
[0mGET /assets/about-hero.jpg [33m404[0m 0.848 ms - 160[0m
[0mGET /components/header.html [36m304[0m 0.726 ms - -[0m
[0mGET /index.html [36m304[0m 0.708 ms - -[0m
[0mGET /.well-known/appspecific/com.chrome.devtools.json [33m404[0m 2.708 ms - 187[0m
[0mGET /css/header.css [36m304[0m 1.406 ms - -[0m
[0mGET /css/global.css [36m304[0m 1.460 ms - -[0m
[0mGET /js/animations.js [36m304[0m 0.598 ms - -[0m
[0mGET /components/header.html [36m304[0m 0.669 ms - -[0m
[0mGET /components/header.html [36m304[0m 0.682 ms - -[0m
[0mGET /about.html [36m304[0m 1.046 ms - -[0m
[0mGET /.well-known/appspecific/com.chrome.devtools.json [33m404[0m 3.158 ms - 187[0m
[0mGET /css/header.css [36m304[0m 3.332 ms - -[0m
[0mGET /css/global.css [36m304[0m 1.256 ms - -[0m
[0mGET /css/trusted-by.css [36m304[0m 1.309 ms - -[0m
[0mGET /js/trusted-by.js [36m304[0m 0.600 ms - -[0m
[0mGET /assets/about-hero.jpg [33m404[0m 0.957 ms - 160[0m
[0mGET /components/header.html [36m304[0m 1.404 ms - -[0m
[0mGET /register.html [36m304[0m 0.755 ms - -[0m
[0mGET /.well-known/appspecific/com.chrome.devtools.json [33m404[0m 4.087 ms - 187[0m
[0mGET /css/header.css [36m304[0m 10.960 ms - -[0m
[0mGET /css/global.css [36m304[0m 7.258 ms - -[0m
[0mGET /components/header.html [36m304[0m 0.710 ms - -[0m
[0mGET /register.html [36m304[0m 0.492 ms - -[0m
[0mGET /css/header.css [32m200[0m 1.569 ms - 5972[0m
[0mGET /.well-known/appspecific/com.chrome.devtools.json [33m404[0m 1.758 ms - 187[0m
[0mGET /css/global.css [36m304[0m 1.329 ms - -[0m
[0mGET /components/header.html [36m304[0m 1.401 ms - -[0m
[0mGET /register.html [36m304[0m 0.900 ms - -[0m
[0mGET /.well-known/appspecific/com.chrome.devtools.json [33m404[0m 0.720 ms - 187[0m
[0mGET /css/header.css [36m304[0m 0.897 ms - -[0m
[0mGET /css/global.css [36m304[0m 0.755 ms - -[0m
[0mGET /components/header.html [36m304[0m 0.726 ms - -[0m
[0mGET /index.html [36m304[0m 3.212 ms - -[0m
[0mGET /css/header.css [36m304[0m 4.622 ms - -[0m
[0mGET /css/global.css [36m304[0m 4.634 ms - -[0m
[0mGET /js/animations.js [36m304[0m 0.655 ms - -[0m
[0mGET /.well-known/appspecific/com.chrome.devtools.json [33m404[0m 0.787 ms - 187[0m
[0mGET /components/header.html [36m304[0m 0.637 ms - -[0m
[0mGET /components/header.html [36m304[0m 2.586 ms - -[0m
[0mGET /index.html [36m304[0m 2.542 ms - -[0m
[0mGET /.well-known/appspecific/com.chrome.devtools.json [33m404[0m 5.953 ms - 187[0m
[0mGET /css/header.css [32m200[0m 89.701 ms - 5731[0m
[0mGET /css/global.css [36m304[0m 86.212 ms - -[0m
[0mGET /js/animations.js [36m304[0m 90.822 ms - -[0m
[0mGET /components/header.html [32m200[0m 1.319 ms - 9805[0m
[0mGET /components/header.html [36m304[0m 0.859 ms - -[0m
[0mGET /index.html [36m304[0m 5.378 ms - -[0m
[0mGET /css/header.css [36m304[0m 3.668 ms - -[0m
[0mGET /css/global.css [36m304[0m 1.421 ms - -[0m
[0mGET /js/animations.js [36m304[0m 0.452 ms - -[0m
[0mGET /.well-known/appspecific/com.chrome.devtools.json [33m404[0m 3.098 ms - 187[0m
[0mGET /components/header.html [36m304[0m 1.228 ms - -[0m
[0mGET /components/header.html [36m304[0m 2.229 ms - -[0m
[0mGET /index.html [36m304[0m 0.771 ms - -[0m
[0mGET /.well-known/appspecific/com.chrome.devtools.json [33m404[0m 0.920 ms - 187[0m
[0mGET /css/header.css [32m200[0m 1.158 ms - 6508[0m
[0mGET /css/global.css [36m304[0m 0.818 ms - -[0m
[0mGET /js/animations.js [36m304[0m 0.495 ms - -[0m
[0mGET /components/header.html [32m200[0m 1.222 ms - 9915[0m
[0mGET /components/header.html [36m304[0m 1.103 ms - -[0m
[0mGET /index.html [36m304[0m 14.285 ms - -[0m
[0mGET /css/header.css [36m304[0m 0.741 ms - -[0m
[0mGET /css/global.css [36m304[0m 0.620 ms - -[0m
[0mGET /.well-known/appspecific/com.chrome.devtools.json [33m404[0m 0.905 ms - 187[0m
[0mGET /js/animations.js [36m304[0m 2.626 ms - -[0m
[0mGET /components/header.html [36m304[0m 0.683 ms - -[0m
[0mGET /components/header.html [36m304[0m 3.866 ms - -[0m
[0mGET /index.html [36m304[0m 1.064 ms - -[0m
[0mGET /.well-known/appspecific/com.chrome.devtools.json [33m404[0m 4.179 ms - 187[0m
[0mGET /css/header.css [36m304[0m 0.709 ms - -[0m
[0mGET /css/global.css [36m304[0m 2.225 ms - -[0m
[0mGET /js/animations.js [36m304[0m 4.433 ms - -[0m
[0mGET /components/header.html [36m304[0m 0.685 ms - -[0m
[0mGET /components/header.html [36m304[0m 1.601 ms - -[0m
[0mGET /index.html [36m304[0m 0.993 ms - -[0m
[0mGET /css/header.css [36m304[0m 0.557 ms - -[0m
[0mGET /css/global.css [36m304[0m 3.944 ms - -[0m
[0mGET /js/animations.js [36m304[0m 2.309 ms - -[0m
[0mGET /.well-known/appspecific/com.chrome.devtools.json [33m404[0m 0.959 ms - 187[0m
[0mGET /components/header.html [36m304[0m 5.547 ms - -[0m
[0mGET /components/header.html [36m304[0m 3.653 ms - -[0m
[0mGET /index.html [36m304[0m 2.508 ms - -[0m
[0mGET /.well-known/appspecific/com.chrome.devtools.json [33m404[0m 0.915 ms - 187[0m
[0mGET /css/header.css [32m200[0m 1.195 ms - 6508[0m
[0mGET /css/global.css [36m304[0m 1.137 ms - -[0m
[0mGET /js/animations.js [36m304[0m 0.646 ms - -[0m
[0mGET /components/header.html [36m304[0m 0.779 ms - -[0m
[0mGET /components/header.html [36m304[0m 0.604 ms - -[0m
[0mGET /index.html [36m304[0m 0.853 ms - -[0m
[0mGET /css/global.css [36m304[0m 6.415 ms - -[0m
[0mGET /css/header.css [32m200[0m 13.919 ms - 6506[0m
[0mGET /js/animations.js [36m304[0m 6.186 ms - -[0m
[0mGET /.well-known/appspecific/com.chrome.devtools.json [33m404[0m 3.239 ms - 187[0m
[0mGET /components/header.html [36m304[0m 0.680 ms - -[0m
[0mGET /components/header.html [36m304[0m 0.722 ms - -[0m
[0mGET /index.html [36m304[0m 0.590 ms - -[0m
[0mGET /css/header.css [36m304[0m 0.712 ms - -[0m
[0mGET /css/global.css [36m304[0m 0.684 ms - -[0m
[0mGET /.well-known/appspecific/com.chrome.devtools.json [33m404[0m 0.854 ms - 187[0m
[0mGET /js/animations.js [36m304[0m 0.551 ms - -[0m
[0mGET /components/header.html [36m304[0m 3.193 ms - -[0m
[0mGET /components/header.html [36m304[0m 0.606 ms - -[0m
[0mGET /index.html [36m304[0m 0.500 ms - -[0m
[0mGET /css/global.css [36m304[0m 0.933 ms - -[0m
[0mGET /css/header.css [32m200[0m 4.116 ms - 6506[0m
[0mGET /js/animations.js [36m304[0m 1.569 ms - -[0m
[0mGET /.well-known/appspecific/com.chrome.devtools.json [33m404[0m 0.737 ms - 187[0m
[0mGET /components/header.html [36m304[0m 5.502 ms - -[0m
[0mGET /components/header.html [36m304[0m 0.639 ms - -[0m
[0mGET /index.html [36m304[0m 0.417 ms - -[0m
[0mGET /css/header.css [36m304[0m 1.584 ms - -[0m
[0mGET /css/global.css [36m304[0m 1.697 ms - -[0m
[0mGET /js/animations.js [36m304[0m 0.548 ms - -[0m
[0mGET /.well-known/appspecific/com.chrome.devtools.json [33m404[0m 1.812 ms - 187[0m
[0mGET /components/header.html [36m304[0m 0.680 ms - -[0m
[0mGET /components/header.html [36m304[0m 0.977 ms - -[0m
[0mGET /index.html [36m304[0m 0.532 ms - -[0m
[0mGET /.well-known/appspecific/com.chrome.devtools.json [33m404[0m 2.822 ms - 187[0m
[0mGET /css/header.css [36m304[0m 0.638 ms - -[0m
[0mGET /css/global.css [36m304[0m 8.607 ms - -[0m
[0mGET /js/animations.js [36m304[0m 4.510 ms - -[0m
[0mGET /components/header.html [36m304[0m 0.668 ms - -[0m
[0mGET /components/header.html [36m304[0m 0.745 ms - -[0m
[0mGET /index.html [36m304[0m 0.772 ms - -[0m
[0mGET /css/global.css [36m304[0m 5.510 ms - -[0m
[0mGET /css/header.css [32m200[0m 10.584 ms - 6505[0m
[0mGET /js/animations.js [36m304[0m 1.501 ms - -[0m
[0mGET /.well-known/appspecific/com.chrome.devtools.json [33m404[0m 3.593 ms - 187[0m
[0mGET /components/header.html [36m304[0m 0.905 ms - -[0m
[0mGET /components/header.html [36m304[0m 0.667 ms - -[0m
[0mGET /index.html [36m304[0m 0.699 ms - -[0m
[0mGET /css/header.css [32m200[0m 3.663 ms - 6505[0m
[0mGET /css/global.css [36m304[0m 1.537 ms - -[0m
[0mGET /.well-known/appspecific/com.chrome.devtools.json [33m404[0m 1.288 ms - 187[0m
[0mGET /js/animations.js [36m304[0m 0.621 ms - -[0m
[0mGET /components/header.html [36m304[0m 3.153 ms - -[0m
[0mGET /components/header.html [36m304[0m 1.950 ms - -[0m
[0mGET /index.html [36m304[0m 3.422 ms - -[0m
[0mGET /css/header.css [36m304[0m 5.410 ms - -[0m
[0mGET /css/global.css [36m304[0m 6.930 ms - -[0m
[0mGET /js/animations.js [36m304[0m 6.184 ms - -[0m
[0mGET /.well-known/appspecific/com.chrome.devtools.json [33m404[0m 1.073 ms - 187[0m
[0mGET /components/header.html [36m304[0m 2.921 ms - -[0m
[0mGET /components/header.html [36m304[0m 3.888 ms - -[0m
[0mGET /index.html [36m304[0m 0.445 ms - -[0m
[0mGET /css/global.css [36m304[0m 1.299 ms - -[0m
[0mGET /css/header.css [32m200[0m 6.000 ms - 6505[0m
[0mGET /js/animations.js [36m304[0m 1.641 ms - -[0m
[0mGET /.well-known/appspecific/com.chrome.devtools.json [33m404[0m 1.555 ms - 187[0m
[0mGET /components/header.html [36m304[0m 0.516 ms - -[0m
[0mGET /components/header.html [36m304[0m 1.265 ms - -[0m
[0mGET /index.html [36m304[0m 0.612 ms - -[0m
[0mGET /css/header.css [36m304[0m 1.665 ms - -[0m
[0mGET /css/global.css [36m304[0m 1.883 ms - -[0m
[0mGET /js/animations.js [36m304[0m 0.634 ms - -[0m
[0mGET /.well-known/appspecific/com.chrome.devtools.json [33m404[0m 0.662 ms - 187[0m
[0mGET /components/header.html [36m304[0m 0.707 ms - -[0m
[0mGET /components/header.html [36m304[0m 1.821 ms - -[0m
[0mGET /index.html [36m304[0m 0.648 ms - -[0m
[0mGET /css/global.css [36m304[0m 0.777 ms - -[0m
[0mGET /css/header.css [32m200[0m 7.923 ms - 6504[0m
[0mGET /js/animations.js [36m304[0m 0.510 ms - -[0m
[0mGET /.well-known/appspecific/com.chrome.devtools.json [33m404[0m 0.855 ms - 187[0m
[0mGET /components/header.html [36m304[0m 2.223 ms - -[0m
[0mGET /components/header.html [36m304[0m 6.470 ms - -[0m
[0mGET /index.html [36m304[0m 0.721 ms - -[0m
[0mGET /css/header.css [32m200[0m 5.560 ms - 6505[0m
[0mGET /css/global.css [36m304[0m 1.367 ms - -[0m
[0mGET /js/animations.js [36m304[0m 6.854 ms - -[0m
[0mGET /.well-known/appspecific/com.chrome.devtools.json [33m404[0m 26.864 ms - 187[0m
[0mGET /components/header.html [36m304[0m 0.536 ms - -[0m
[0mGET /components/header.html [36m304[0m 3.460 ms - -[0m
[0mGET /index.html [36m304[0m 0.555 ms - -[0m
[0mGET /.well-known/appspecific/com.chrome.devtools.json [33m404[0m 1.010 ms - 187[0m
[0mGET /css/header.css [32m200[0m 2.621 ms - 6504[0m
[0mGET /css/global.css [36m304[0m 1.715 ms - -[0m
[0mGET /js/animations.js [36m304[0m 2.414 ms - -[0m
[0mGET /components/header.html [36m304[0m 4.301 ms - -[0m
[0mGET /components/header.html [36m304[0m 0.563 ms - -[0m
[0mGET /index.html [36m304[0m 0.534 ms - -[0m
[0mGET /css/header.css [36m304[0m 4.372 ms - -[0m
[0mGET /css/global.css [36m304[0m 3.223 ms - -[0m
[0mGET /.well-known/appspecific/com.chrome.devtools.json [33m404[0m 3.297 ms - 187[0m
[0mGET /js/animations.js [36m304[0m 1.379 ms - -[0m
[0mGET /components/header.html [36m304[0m 2.922 ms - -[0m
[0mGET /components/header.html [36m304[0m 1.549 ms - -[0m
[0mGET /index.html [36m304[0m 1.337 ms - -[0m
[0mGET /css/global.css [36m304[0m 10.089 ms - -[0m
[0mGET /css/header.css [32m200[0m 23.383 ms - 6505[0m
[0mGET /js/animations.js [36m304[0m 2.795 ms - -[0m
[0mGET /.well-known/appspecific/com.chrome.devtools.json [33m404[0m 6.758 ms - 187[0m
[0mGET /components/header.html [36m304[0m 1.193 ms - -[0m
[0mGET /components/header.html [36m304[0m 0.656 ms - -[0m
[0mGET /index.html [36m304[0m 1.557 ms - -[0m
[0mGET /css/header.css [36m304[0m 1.055 ms - -[0m
[0mGET /css/global.css [36m304[0m 4.208 ms - -[0m
[0mGET /.well-known/appspecific/com.chrome.devtools.json [33m404[0m 1.911 ms - 187[0m
[0mGET /js/animations.js [36m304[0m 0.509 ms - -[0m
[0mGET /components/header.html [36m304[0m 2.277 ms - -[0m
[0mGET /components/header.html [36m304[0m 6.246 ms - -[0m
[0mGET /index.html [36m304[0m 4.254 ms - -[0m
[0mGET /css/header.css [36m304[0m 1.076 ms - -[0m
[0mGET /css/global.css [36m304[0m 1.496 ms - -[0m
[0mGET /js/animations.js [36m304[0m 1.952 ms - -[0m
[0mGET /.well-known/appspecific/com.chrome.devtools.json [33m404[0m 3.335 ms - 187[0m
[0mGET /components/header.html [32m200[0m 5.388 ms - 9936[0m
[0mGET /components/header.html [36m304[0m 0.757 ms - -[0m
[0mGET /index.html [36m304[0m 0.517 ms - -[0m
[0mGET /.well-known/appspecific/com.chrome.devtools.json [33m404[0m 1.026 ms - 187[0m
[0mGET /css/global.css [36m304[0m 1.680 ms - -[0m
[0mGET /js/animations.js [36m304[0m 2.050 ms - -[0m
[0mGET /css/header.css [32m200[0m 5.733 ms - 6298[0m
[0mGET /components/header.html [32m200[0m 5.015 ms - 8199[0m
[0mGET /components/header.html [36m304[0m 0.619 ms - -[0m
[0mGET /index.html [36m304[0m 0.640 ms - -[0m
[0mGET /css/global.css [36m304[0m 2.263 ms - -[0m
[0mGET /js/animations.js [36m304[0m 1.516 ms - -[0m
[0mGET /css/header.css [32m200[0m 8.509 ms - 6298[0m
[0mGET /.well-known/appspecific/com.chrome.devtools.json [33m404[0m 0.894 ms - 187[0m
[0mGET /components/header.html [36m304[0m 0.670 ms - -[0m
[0mGET /components/header.html [36m304[0m 0.609 ms - -[0m
[0mGET /index.html [36m304[0m 0.769 ms - -[0m
[0mGET /css/header.css [36m304[0m 1.201 ms - -[0m
[0mGET /css/global.css [36m304[0m 0.492 ms - -[0m
[0mGET /js/animations.js [36m304[0m 0.511 ms - -[0m
[0mGET /.well-known/appspecific/com.chrome.devtools.json [33m404[0m 0.722 ms - 187[0m
[0mGET /components/header.html [36m304[0m 0.850 ms - -[0m
[0mGET /components/header.html [36m304[0m 0.451 ms - -[0m
[0mGET /index.html [36m304[0m 0.638 ms - -[0m
[0mGET /css/header.css [36m304[0m 1.329 ms - -[0m
[0mGET /css/global.css [36m304[0m 1.877 ms - -[0m
[0mGET /js/animations.js [36m304[0m 0.481 ms - -[0m
[0mGET /.well-known/appspecific/com.chrome.devtools.json [33m404[0m 0.838 ms - 187[0m
[0mGET /components/header.html [36m304[0m 0.658 ms - -[0m
[0mGET /components/header.html [36m304[0m 0.568 ms - -[0m
[0mGET /index.html [36m304[0m 0.461 ms - -[0m
[0mGET /css/global.css [36m304[0m 0.808 ms - -[0m
[0mGET /css/header.css [32m200[0m 2.815 ms - 6295[0m
[0mGET /js/animations.js [36m304[0m 1.301 ms - -[0m
[0mGET /.well-known/appspecific/com.chrome.devtools.json [33m404[0m 0.578 ms - 187[0m
[0mGET /components/header.html [36m304[0m 1.846 ms - -[0m
[0mGET /components/header.html [36m304[0m 6.202 ms - -[0m
[0mGET /index.html [36m304[0m 0.705 ms - -[0m
[0mGET /css/header.css [36m304[0m 1.404 ms - -[0m
[0mGET /css/global.css [36m304[0m 1.398 ms - -[0m
[0mGET /js/animations.js [36m304[0m 0.565 ms - -[0m
[0mGET /.well-known/appspecific/com.chrome.devtools.json [33m404[0m 0.807 ms - 187[0m
[0mGET /components/header.html [36m304[0m 0.600 ms - -[0m
[0mGET /components/header.html [36m304[0m 1.397 ms - -[0m
[0mGET /index.html [36m304[0m 0.665 ms - -[0m
[0mGET /.well-known/appspecific/com.chrome.devtools.json [33m404[0m 3.237 ms - 187[0m
[0mGET /css/header.css [32m200[0m 15.987 ms - 6298[0m
[0mGET /css/global.css [36m304[0m 8.033 ms - -[0m
[0mGET /js/animations.js [36m304[0m 14.560 ms - -[0m
[0mGET /components/header.html [36m304[0m 0.636 ms - -[0m
[0mGET /components/header.html [36m304[0m 7.043 ms - -[0m
[0mGET /index.html [36m304[0m 2.114 ms - -[0m
[0mGET /css/global.css [36m304[0m 79.145 ms - -[0m
[0mGET /js/animations.js [36m304[0m 8.801 ms - -[0m
[0mGET /css/header.css [32m200[0m 88.619 ms - 6481[0m
[0mGET /.well-known/appspecific/com.chrome.devtools.json [33m404[0m 3.561 ms - 187[0m
[0mGET /components/header.html [32m200[0m 26.584 ms - 8427[0m
[0mGET /components/header.html [36m304[0m 0.686 ms - -[0m
[0mGET /index.html [36m304[0m 1.521 ms - -[0m
[0mGET /.well-known/appspecific/com.chrome.devtools.json [33m404[0m 1.110 ms - 187[0m
[0mGET /css/global.css [36m304[0m 1.592 ms - -[0m
[0mGET /js/animations.js [36m304[0m 2.041 ms - -[0m
[0mGET /css/header.css [32m200[0m 18.077 ms - 6761[0m
[0mGET /components/header.html [32m200[0m 1.526 ms - 8442[0m
[0mGET /components/header.html [36m304[0m 0.610 ms - -[0m
[0mGET /index.html [32m200[0m 1.001 ms - 25961[0m
[0mGET /css/header.css [36m304[0m 2.090 ms - -[0m
[0mGET /css/global.css [36m304[0m 2.079 ms - -[0m
[0mGET /js/animations.js [36m304[0m 0.612 ms - -[0m
[0mGET /.well-known/appspecific/com.chrome.devtools.json [33m404[0m 0.805 ms - 187[0m
[0mGET /components/header.html [32m200[0m 8.396 ms - 9046[0m
[0mGET /components/header.html [36m304[0m 0.693 ms - -[0m
[0mGET /index.html [32m200[0m 2.319 ms - 25961[0m
[0mGET /css/global.css [32m200[0m 4.223 ms - 7665[0m
[0mGET /css/header.css [32m200[0m 5.784 ms - 6761[0m
[0mGET /js/animations.js [32m200[0m 0.855 ms - 8911[0m
[0mGET /.well-known/appspecific/com.chrome.devtools.json [33m404[0m 0.906 ms - 187[0m
[0mGET /components/header.html [32m200[0m 1.929 ms - 9046[0m
[0mGET /components/footer.html [32m200[0m 5.343 ms - 16004[0m
[0mGET /components/header.html [32m200[0m 4.090 ms - 9046[0m
[0mGET /components/footer.html [32m200[0m 1.927 ms - 16004[0m
[0mGET /favicon.ico [33m404[0m 0.573 ms - 150[0m
[0mGET /index.html [32m200[0m 6.966 ms - 25961[0m
[0mGET /css/header.css [32m200[0m 7.562 ms - 6761[0m
[0mGET /css/global.css [32m200[0m 8.823 ms - 7665[0m
[0mGET /js/animations.js [32m200[0m 2.872 ms - 8911[0m
[0mGET /.well-known/appspecific/com.chrome.devtools.json [33m404[0m 1.421 ms - 187[0m
[0mGET /components/header.html [32m200[0m 13.485 ms - 9046[0m
[0mGET /components/footer.html [32m200[0m 15.446 ms - 16004[0m
[0mGET /components/header.html [32m200[0m 15.583 ms - 9046[0m
[0mGET /components/footer.html [32m200[0m 17.289 ms - 16004[0m
[0mGET /favicon.ico [33m404[0m 1.184 ms - 150[0m
[0mGET /index.html [36m304[0m 0.665 ms - -[0m
[0mGET /css/header.css [36m304[0m 1.954 ms - -[0m
[0mGET /css/global.css [36m304[0m 1.886 ms - -[0m
[0mGET /js/animations.js [36m304[0m 0.630 ms - -[0m
[0mGET /.well-known/appspecific/com.chrome.devtools.json [33m404[0m 1.076 ms - 187[0m
[0mGET /components/header.html [32m200[0m 6.452 ms - 9400[0m
[0mGET /components/footer.html [36m304[0m 5.621 ms - -[0m
[0mGET /components/footer.html [36m304[0m 1.311 ms - -[0m
[0mGET /components/header.html [36m304[0m 1.510 ms - -[0m
[0mGET /index.html [36m304[0m 0.517 ms - -[0m
[0mGET /css/header.css [36m304[0m 2.859 ms - -[0m
[0mGET /css/global.css [36m304[0m 0.653 ms - -[0m
[0mGET /.well-known/appspecific/com.chrome.devtools.json [33m404[0m 3.638 ms - 187[0m
[0mGET /js/animations.js [36m304[0m 0.813 ms - -[0m
[0mGET /components/header.html [36m304[0m 0.728 ms - -[0m
[0mGET /components/header.html [36m304[0m 0.599 ms - -[0m
[0mGET /components/footer.html [36m304[0m 0.497 ms - -[0m
[0mGET /components/footer.html [36m304[0m 0.845 ms - -[0m
[0mGET /index.html [36m304[0m 3.283 ms - -[0m
[0mGET /css/header.css [36m304[0m 2.282 ms - -[0m
[0mGET /css/global.css [36m304[0m 1.158 ms - -[0m
[0mGET /js/animations.js [36m304[0m 2.544 ms - -[0m
[0mGET /.well-known/appspecific/com.chrome.devtools.json [33m404[0m 1.128 ms - 187[0m
[0mGET /components/header.html [36m304[0m 0.704 ms - -[0m
[0mGET /components/footer.html [36m304[0m 0.528 ms - -[0m
[0mGET /components/header.html [36m304[0m 0.487 ms - -[0m
[0mGET /components/footer.html [36m304[0m 0.434 ms - -[0m
[0mGET /index.html [32m200[0m 0.843 ms - 25961[0m
[0mGET /css/header.css [32m200[0m 1.223 ms - 6761[0m
[0mGET /css/global.css [32m200[0m 2.570 ms - 7665[0m
[0mGET /js/animations.js [32m200[0m 1.809 ms - 8911[0m
[0mGET /.well-known/appspecific/com.chrome.devtools.json [33m404[0m 0.746 ms - 187[0m
[0mGET /components/header.html [32m200[0m 5.150 ms - 9400[0m
[0mGET /components/footer.html [32m200[0m 4.713 ms - 16004[0m
[0mGET /components/header.html [32m200[0m 4.899 ms - 9400[0m
[0mGET /components/footer.html [32m200[0m 3.536 ms - 16004[0m
[0mGET /favicon.ico [33m404[0m 0.755 ms - 150[0m
[0mGET /index.html [36m304[0m 5.351 ms - -[0m
[0mGET /css/header.css [36m304[0m 0.520 ms - -[0m
[0mGET /css/global.css [36m304[0m 1.814 ms - -[0m
[0mGET /js/animations.js [36m304[0m 5.356 ms - -[0m
[0mGET /.well-known/appspecific/com.chrome.devtools.json [33m404[0m 3.156 ms - 187[0m
[0mGET /components/header.html [36m304[0m 1.396 ms - -[0m
[0mGET /components/header.html [36m304[0m 4.526 ms - -[0m
[0mGET /components/footer.html [36m304[0m 8.202 ms - -[0m
[0mGET /components/footer.html [36m304[0m 0.661 ms - -[0m
[0mGET /index.html [32m200[0m 5.437 ms - 25961[0m
[0mGET /css/header.css [32m200[0m 6.251 ms - 6761[0m
[0mGET /css/global.css [32m200[0m 7.484 ms - 7665[0m
[0mGET /js/animations.js [32m200[0m 3.527 ms - 8911[0m
[0mGET /.well-known/appspecific/com.chrome.devtools.json [33m404[0m 2.665 ms - 187[0m
[0mGET /components/header.html [32m200[0m 2.776 ms - 9400[0m
[0mGET /components/header.html [32m200[0m 2.241 ms - 9400[0m
[0mGET /components/footer.html [32m200[0m 3.160 ms - 16004[0m
[0mGET /components/footer.html [32m200[0m 0.809 ms - 16004[0m
[0mGET /favicon.ico [33m404[0m 0.728 ms - 150[0m
[0mGET /index.html [36m304[0m 0.591 ms - -[0m
[0mGET /.well-known/appspecific/com.chrome.devtools.json [33m404[0m 1.145 ms - 187[0m
[0mGET /css/header.css [36m304[0m 2.927 ms - -[0m
[0mGET /css/global.css [36m304[0m 16.722 ms - -[0m
[0mGET /js/animations.js [36m304[0m 21.565 ms - -[0m
[0mGET /components/footer.html [36m304[0m 0.818 ms - -[0m
[0mGET /components/header.html [32m200[0m 7.080 ms - 7839[0m
[0mGET /components/footer.html [36m304[0m 0.472 ms - -[0m
[0mGET /components/header.html [36m304[0m 0.858 ms - -[0m
[0mGET /index.html [36m304[0m 0.699 ms - -[0m
[0mGET /css/header.css [36m304[0m 0.610 ms - -[0m
[0mGET /css/global.css [36m304[0m 1.157 ms - -[0m
[0mGET /.well-known/appspecific/com.chrome.devtools.json [33m404[0m 0.924 ms - 187[0m
[0mGET /js/animations.js [36m304[0m 0.692 ms - -[0m
[0mGET /components/header.html [36m304[0m 3.110 ms - -[0m
[0mGET /components/footer.html [36m304[0m 3.099 ms - -[0m
[0mGET /components/header.html [36m304[0m 1.864 ms - -[0m
[0mGET /components/footer.html [36m304[0m 1.480 ms - -[0m
[0mGET /index.html [32m200[0m 1.223 ms - 25961[0m
[0mGET /css/header.css [32m200[0m 0.925 ms - 6761[0m
[0mGET /css/global.css [32m200[0m 2.050 ms - 7665[0m
[0mGET /js/animations.js [32m200[0m 1.794 ms - 8911[0m
[0mGET /.well-known/appspecific/com.chrome.devtools.json [33m404[0m 2.039 ms - 187[0m
[0mGET /components/header.html [32m200[0m 4.839 ms - 7839[0m
[0mGET /components/header.html [32m200[0m 3.905 ms - 7839[0m
[0mGET /components/footer.html [32m200[0m 4.907 ms - 16004[0m
[0mGET /components/footer.html [32m200[0m 8.358 ms - 16004[0m
[0mGET /favicon.ico [33m404[0m 0.823 ms - 150[0m
[0mGET /index.html [32m200[0m 1.812 ms - 25961[0m
[0mGET /css/header.css [32m200[0m 2.367 ms - 6761[0m
[0mGET /css/global.css [32m200[0m 1.758 ms - 7665[0m
[0mGET /js/animations.js [32m200[0m 0.898 ms - 8911[0m
[0mGET /components/header.html [32m200[0m 2.855 ms - 7839[0m
[0mGET /components/footer.html [32m200[0m 6.560 ms - 16004[0m
[0mGET /components/footer.html [32m200[0m 4.189 ms - 16004[0m
[0mGET /components/header.html [32m200[0m 3.846 ms - 7839[0m
[0mGET /favicon.ico [33m404[0m 0.695 ms - 150[0m
[0mGET /index.html [32m200[0m 1.099 ms - 25961[0m
[0mGET /index.html [36m304[0m 0.663 ms - -[0m
[0mGET /.well-known/appspecific/com.chrome.devtools.json [33m404[0m 1.469 ms - 187[0m
[0mGET /css/header.css [32m200[0m 1.327 ms - 7823[0m
[0mGET /css/global.css [36m304[0m 2.122 ms - -[0m
[0mGET /js/animations.js [36m304[0m 2.235 ms - -[0m
[0mGET /components/footer.html [36m304[0m 1.119 ms - -[0m
[0mGET /components/header.html [32m200[0m 3.761 ms - 7839[0m
[0mGET /components/footer.html [36m304[0m 1.189 ms - -[0m
[0mGET /components/header.html [36m304[0m 1.257 ms - -[0m
[0mGET /index.html [36m304[0m 0.408 ms - -[0m
[0mGET /css/header.css [36m304[0m 2.119 ms - -[0m
[0mGET /css/global.css [36m304[0m 1.631 ms - -[0m
[0mGET /js/animations.js [36m304[0m 0.495 ms - -[0m
[0mGET /.well-known/appspecific/com.chrome.devtools.json [33m404[0m 0.782 ms - 187[0m
[0mGET /components/header.html [36m304[0m 0.658 ms - -[0m
[0mGET /components/footer.html [36m304[0m 1.724 ms - -[0m
[0mGET /components/header.html [36m304[0m 0.656 ms - -[0m
[0mGET /components/footer.html [36m304[0m 0.598 ms - -[0m
[0mGET /about.html [32m200[0m 1.321 ms - 18857[0m
[0mGET /css/header.css [36m304[0m 0.914 ms - -[0m
[0mGET /css/trusted-by.css [32m200[0m 3.176 ms - 1821[0m
[0mGET /css/global.css [36m304[0m 1.359 ms - -[0m
[0mGET /.well-known/appspecific/com.chrome.devtools.json [33m404[0m 1.838 ms - 187[0m
[0mGET /js/trusted-by.js [32m200[0m 1.093 ms - 3832[0m
[0mGET /assets/about-hero.jpg [33m404[0m 1.046 ms - 160[0m
[0mGET /components/header.html [36m304[0m 1.266 ms - -[0m
[0mGET /components/footer.html [36m304[0m 1.334 ms - -[0m
[0mGET /courses.html [32m200[0m 1.854 ms - 18341[0m
[0mGET /.well-known/appspecific/com.chrome.devtools.json [33m404[0m 0.686 ms - 187[0m
[0mGET /css/header.css [36m304[0m 0.984 ms - -[0m
[0mGET /css/global.css [36m304[0m 0.956 ms - -[0m
[0mGET /assets/courses-hero.jpg [33m404[0m 0.652 ms - 162[0m
[0mGET /components/header.html [36m304[0m 0.459 ms - -[0m
[0mGET /components/footer.html [36m304[0m 0.835 ms - -[0m
[0mGET /courses.html [36m304[0m 1.508 ms - -[0m
[0mGET /css/global.css [36m304[0m 43.841 ms - -[0m
[0mGET /css/header.css [32m200[0m 46.061 ms - 4171[0m
[0mGET /.well-known/appspecific/com.chrome.devtools.json [33m404[0m 3.843 ms - 187[0m
[0mGET /assets/courses-hero.jpg [33m404[0m 0.802 ms - 162[0m
[0mGET /components/header.html [36m304[0m 2.027 ms - -[0m
[0mGET /components/footer.html [36m304[0m 7.525 ms - -[0m
[0mGET /courses.html [36m304[0m 0.611 ms - -[0m
[0mGET /css/header.css [36m304[0m 1.707 ms - -[0m
[0mGET /css/global.css [36m304[0m 2.421 ms - -[0m
[0mGET /.well-known/appspecific/com.chrome.devtools.json [33m404[0m 0.581 ms - 187[0m
[0mGET /assets/courses-hero.jpg [33m404[0m 1.212 ms - 162[0m
[0mGET /components/footer.html [36m304[0m 0.884 ms - -[0m
[0mGET /components/header.html [32m200[0m 2.456 ms - 4997[0m
[0mGET /courses.html [36m304[0m 0.861 ms - -[0m
[0mGET /.well-known/appspecific/com.chrome.devtools.json [33m404[0m 2.828 ms - 187[0m
[0mGET /css/global.css [36m304[0m 1.331 ms - -[0m
[0mGET /css/header.css [32m200[0m 3.186 ms - 6756[0m
[0mGET /assets/courses-hero.jpg [33m404[0m 0.970 ms - 162[0m
[0mGET /components/footer.html [36m304[0m 4.748 ms - -[0m
[0mGET /components/header.html [32m200[0m 8.293 ms - 7839[0m
[0mGET /courses.html [36m304[0m 0.734 ms - -[0m
[0mGET /css/header.css [36m304[0m 1.154 ms - -[0m
[0mGET /css/global.css [36m304[0m 1.157 ms - -[0m
[0mGET /.well-known/appspecific/com.chrome.devtools.json [33m404[0m 0.851 ms - 187[0m
[0mGET /assets/courses-hero.jpg [33m404[0m 2.545 ms - 162[0m
[0mGET /components/header.html [36m304[0m 2.297 ms - -[0m
[0mGET /components/footer.html [36m304[0m 4.260 ms - -[0m
[0mGET /courses.html [36m304[0m 0.494 ms - -[0m
[0mGET /css/header.css [36m304[0m 4.639 ms - -[0m
[0mGET /css/global.css [36m304[0m 4.789 ms - -[0m
[0mGET /.well-known/appspecific/com.chrome.devtools.json [33m404[0m 2.686 ms - 187[0m
[0mGET /assets/courses-hero.jpg [33m404[0m 1.090 ms - 162[0m
[0mGET /components/header.html [36m304[0m 1.293 ms - -[0m
[0mGET /components/footer.html [36m304[0m 1.591 ms - -[0m
[0mGET /courses.html [36m304[0m 0.716 ms - -[0m
[0mGET /css/header.css [36m304[0m 0.671 ms - -[0m
[0mGET /css/global.css [36m304[0m 2.465 ms - -[0m
[0mGET /.well-known/appspecific/com.chrome.devtools.json [33m404[0m 3.321 ms - 187[0m
[0mGET /assets/courses-hero.jpg [33m404[0m 1.465 ms - 162[0m
[0mGET /components/header.html [36m304[0m 0.564 ms - -[0m
[0mGET /components/footer.html [36m304[0m 0.532 ms - -[0m
[0mGET /courses.html [36m304[0m 0.894 ms - -[0m
[0mGET /css/header.css [32m200[0m 3.372 ms - 7375[0m
[0mGET /css/global.css [36m304[0m 0.769 ms - -[0m
[0mGET /.well-known/appspecific/com.chrome.devtools.json [33m404[0m 3.268 ms - 187[0m
[0mGET /assets/courses-hero.jpg [33m404[0m 1.200 ms - 162[0m
[0mGET /components/footer.html [36m304[0m 11.013 ms - -[0m
[0mGET /components/header.html [32m200[0m 31.478 ms - 8273[0m
[0mGET /assets/images/logo.png [33m404[0m 1.220 ms - 161[0m
[0mGET /courses.html [36m304[0m 0.513 ms - -[0m
[0mGET /css/header.css [36m304[0m 4.696 ms - -[0m
[0mGET /css/global.css [36m304[0m 1.946 ms - -[0m
[0mGET /.well-known/appspecific/com.chrome.devtools.json [33m404[0m 70.581 ms - 187[0m
[0mGET /assets/courses-hero.jpg [33m404[0m 1.859 ms - 162[0m
[0mGET /components/header.html [36m304[0m 1.499 ms - -[0m
[0mGET /components/footer.html [36m304[0m 1.420 ms - -[0m
[0mGET /assets/images/logo.png [33m404[0m 0.814 ms - 161[0m
[0mGET /courses.html [36m304[0m 0.692 ms - -[0m
[0mGET /.well-known/appspecific/com.chrome.devtools.json [33m404[0m 0.945 ms - 187[0m
[0mGET /css/header.css [36m304[0m 0.646 ms - -[0m
[0mGET /css/global.css [36m304[0m 0.945 ms - -[0m
[0mGET /assets/courses-hero.jpg [33m404[0m 0.853 ms - 162[0m
[0mGET /components/header.html [36m304[0m 1.452 ms - -[0m
[0mGET /components/footer.html [36m304[0m 1.309 ms - -[0m
[0mGET /assets/images/logo.png [33m404[0m 0.813 ms - 161[0m
[0mGET /courses.html [36m304[0m 0.996 ms - -[0m
[0mGET /css/header.css [36m304[0m 0.613 ms - -[0m
[0mGET /css/global.css [36m304[0m 3.632 ms - -[0m
[0mGET /.well-known/appspecific/com.chrome.devtools.json [33m404[0m 0.912 ms - 187[0m
[0mGET /assets/courses-hero.jpg [33m404[0m 2.774 ms - 162[0m
[0mGET /components/header.html [36m304[0m 1.087 ms - -[0m
[0mGET /components/footer.html [36m304[0m 2.581 ms - -[0m
[0mGET /assets/images/logo.png [32m200[0m 3.658 ms - 167453[0m
[0mGET /courses.html [36m304[0m 0.598 ms - -[0m
[0mGET /.well-known/appspecific/com.chrome.devtools.json [33m404[0m 3.387 ms - 187[0m
[0mGET /css/header.css [36m304[0m 1.212 ms - -[0m
[0mGET /css/global.css [36m304[0m 0.479 ms - -[0m
[0mGET /assets/courses-hero.jpg [33m404[0m 0.830 ms - 162[0m
[0mGET /components/header.html [36m304[0m 2.341 ms - -[0m
[0mGET /components/footer.html [36m304[0m 0.645 ms - -[0m
[0mGET /assets/images/logo.png [36m304[0m 5.465 ms - -[0m
